<?xml version="1.0" encoding="UTF-8"?>
<testsuite xmlns:xsi="http://www.w3.org/2001/XMLSchema-instance" xsi:noNamespaceSchemaLocation="https://maven.apache.org/surefire/maven-surefire-plugin/xsd/surefire-test-report.xsd" name="randomdata.RandomUtilTest" time="1.389" tests="9" errors="0" skipped="0" failures="0">
  <properties>
    <property name="sun.desktop" value="windows"/>
    <property name="awt.toolkit" value="sun.awt.windows.WToolkit"/>
    <property name="java.specification.version" value="11"/>
    <property name="sun.cpu.isalist" value="amd64"/>
    <property name="sun.jnu.encoding" value="GBK"/>
    <property name="java.class.path" value="F:\项目\java\RandomData\target\test-classes;F:\项目\java\RandomData\target\classes;D:\IntelliJ IDEA 2018.3\Maven\hu\blackbelt\bundles\poi\org.apache.poi\4.0.1_1\org.apache.poi-4.0.1_1.jar;D:\IntelliJ IDEA 2018.3\Maven\org\apache\poi\poi\4.0.1\poi-4.0.1.jar;D:\IntelliJ IDEA 2018.3\Maven\commons-codec\commons-codec\1.11\commons-codec-1.11.jar;D:\IntelliJ IDEA 2018.3\Maven\org\apache\commons\commons-collections4\4.2\commons-collections4-4.2.jar;D:\IntelliJ IDEA 2018.3\Maven\org\apache\commons\commons-math3\3.6.1\commons-math3-3.6.1.jar;D:\IntelliJ IDEA 2018.3\Maven\org\apache\poi\poi-ooxml-schemas\4.0.1\poi-ooxml-schemas-4.0.1.jar;D:\IntelliJ IDEA 2018.3\Maven\org\apache\xmlbeans\xmlbeans\3.0.2\xmlbeans-3.0.2.jar;D:\IntelliJ IDEA 2018.3\Maven\org\apache\poi\poi-ooxml\4.0.1\poi-ooxml-4.0.1.jar;D:\IntelliJ IDEA 2018.3\Maven\org\apache\commons\commons-compress\1.18\commons-compress-1.18.jar;D:\IntelliJ IDEA 2018.3\Maven\com\github\virtuald\curvesapi\1.05\curvesapi-1.05.jar;D:\IntelliJ IDEA 2018.3\Maven\org\apache\poi\poi-scratchpad\4.0.1\poi-scratchpad-4.0.1.jar;D:\IntelliJ IDEA 2018.3\Maven\org\apache\poi\ooxml-schemas\1.4\ooxml-schemas-1.4.jar;D:\IntelliJ IDEA 2018.3\Maven\org\apache\poi\ooxml-security\1.1\ooxml-security-1.1.jar;D:\IntelliJ IDEA 2018.3\Maven\ch\qos\logback\logback-classic\1.2.3\logback-classic-1.2.3.jar;D:\IntelliJ IDEA 2018.3\Maven\ch\qos\logback\logback-core\1.2.3\logback-core-1.2.3.jar;D:\IntelliJ IDEA 2018.3\Maven\org\slf4j\slf4j-api\1.7.25\slf4j-api-1.7.25.jar;D:\IntelliJ IDEA 2018.3\Maven\org\projectlombok\lombok\1.18.8\lombok-1.18.8.jar;D:\IntelliJ IDEA 2018.3\Maven\junit\junit\4.11\junit-4.11.jar;D:\IntelliJ IDEA 2018.3\Maven\org\hamcrest\hamcrest-core\1.3\hamcrest-core-1.3.jar;"/>
    <property name="java.vm.vendor" value="Oracle Corporation"/>
    <property name="sun.arch.data.model" value="64"/>
    <property name="user.variant" value=""/>
    <property name="java.vendor.url" value="http://java.oracle.com/"/>
    <property name="user.timezone" value="Asia/Shanghai"/>
    <property name="java.vm.specification.version" value="11"/>
    <property name="os.name" value="Windows 7"/>
    <property name="sun.java.launcher" value="SUN_STANDARD"/>
    <property name="user.country" value="CN"/>
    <property name="sun.boot.library.path" value="D:\java11\bin"/>
    <property name="sun.java.command" value="C:\Users\lenovo\AppData\Local\Temp\surefire8746763452312585702\surefirebooter9856653107465958541.jar C:\Users\lenovo\AppData\Local\Temp\surefire8746763452312585702 2019-10-08T16-52-02_472-jvmRun1 surefire7869730734987569689tmp surefire_02527993745116799745tmp"/>
    <property name="jdk.debug" value="release"/>
    <property name="surefire.test.class.path" value="F:\项目\java\RandomData\target\test-classes;F:\项目\java\RandomData\target\classes;D:\IntelliJ IDEA 2018.3\Maven\hu\blackbelt\bundles\poi\org.apache.poi\4.0.1_1\org.apache.poi-4.0.1_1.jar;D:\IntelliJ IDEA 2018.3\Maven\org\apache\poi\poi\4.0.1\poi-4.0.1.jar;D:\IntelliJ IDEA 2018.3\Maven\commons-codec\commons-codec\1.11\commons-codec-1.11.jar;D:\IntelliJ IDEA 2018.3\Maven\org\apache\commons\commons-collections4\4.2\commons-collections4-4.2.jar;D:\IntelliJ IDEA 2018.3\Maven\org\apache\commons\commons-math3\3.6.1\commons-math3-3.6.1.jar;D:\IntelliJ IDEA 2018.3\Maven\org\apache\poi\poi-ooxml-schemas\4.0.1\poi-ooxml-schemas-4.0.1.jar;D:\IntelliJ IDEA 2018.3\Maven\org\apache\xmlbeans\xmlbeans\3.0.2\xmlbeans-3.0.2.jar;D:\IntelliJ IDEA 2018.3\Maven\org\apache\poi\poi-ooxml\4.0.1\poi-ooxml-4.0.1.jar;D:\IntelliJ IDEA 2018.3\Maven\org\apache\commons\commons-compress\1.18\commons-compress-1.18.jar;D:\IntelliJ IDEA 2018.3\Maven\com\github\virtuald\curvesapi\1.05\curvesapi-1.05.jar;D:\IntelliJ IDEA 2018.3\Maven\org\apache\poi\poi-scratchpad\4.0.1\poi-scratchpad-4.0.1.jar;D:\IntelliJ IDEA 2018.3\Maven\org\apache\poi\ooxml-schemas\1.4\ooxml-schemas-1.4.jar;D:\IntelliJ IDEA 2018.3\Maven\org\apache\poi\ooxml-security\1.1\ooxml-security-1.1.jar;D:\IntelliJ IDEA 2018.3\Maven\ch\qos\logback\logback-classic\1.2.3\logback-classic-1.2.3.jar;D:\IntelliJ IDEA 2018.3\Maven\ch\qos\logback\logback-core\1.2.3\logback-core-1.2.3.jar;D:\IntelliJ IDEA 2018.3\Maven\org\slf4j\slf4j-api\1.7.25\slf4j-api-1.7.25.jar;D:\IntelliJ IDEA 2018.3\Maven\org\projectlombok\lombok\1.18.8\lombok-1.18.8.jar;D:\IntelliJ IDEA 2018.3\Maven\junit\junit\4.11\junit-4.11.jar;D:\IntelliJ IDEA 2018.3\Maven\org\hamcrest\hamcrest-core\1.3\hamcrest-core-1.3.jar;"/>
    <property name="sun.cpu.endian" value="little"/>
    <property name="user.home" value="C:\Users\lenovo"/>
    <property name="user.language" value="zh"/>
    <property name="java.specification.vendor" value="Oracle Corporation"/>
    <property name="java.version.date" value="2018-09-25"/>
    <property name="java.home" value="D:\java11"/>
    <property name="file.separator" value="\"/>
    <property name="basedir" value="F:\项目\java\RandomData"/>
    <property name="java.vm.compressedOopsMode" value="32-bit"/>
    <property name="line.separator" value="&#10;"/>
    <property name="java.specification.name" value="Java Platform API Specification"/>
    <property name="java.vm.specification.vendor" value="Oracle Corporation"/>
    <property name="java.awt.graphicsenv" value="sun.awt.Win32GraphicsEnvironment"/>
    <property name="surefire.real.class.path" value="C:\Users\lenovo\AppData\Local\Temp\surefire8746763452312585702\surefirebooter9856653107465958541.jar"/>
    <property name="user.script" value=""/>
    <property name="sun.management.compiler" value="HotSpot 64-Bit Tiered Compilers"/>
    <property name="java.runtime.version" value="11+28"/>
    <property name="user.name" value="lenovo"/>
    <property name="path.separator" value=";"/>
    <property name="os.version" value="6.1"/>
    <property name="java.runtime.name" value="Java(TM) SE Runtime Environment"/>
    <property name="file.encoding" value="GBK"/>
    <property name="java.vm.name" value="Java HotSpot(TM) 64-Bit Server VM"/>
    <property name="java.vendor.version" value="18.9"/>
    <property name="localRepository" value="D:\IntelliJ IDEA 2018.3\Maven"/>
    <property name="java.vendor.url.bug" value="http://bugreport.java.com/bugreport/"/>
    <property name="java.io.tmpdir" value="C:\Users\lenovo\AppData\Local\Temp\"/>
    <property name="idea.version" value="2018.3"/>
    <property name="java.version" value="11"/>
    <property name="user.dir" value="F:\项目\java\RandomData"/>
    <property name="os.arch" value="amd64"/>
    <property name="java.vm.specification.name" value="Java Virtual Machine Specification"/>
    <property name="java.awt.printerjob" value="sun.awt.windows.WPrinterJob"/>
    <property name="sun.os.patch.level" value="Service Pack 1"/>
    <property name="java.library.path" value="D:\java11\bin;C:\Windows\Sun\Java\bin;C:\Windows\system32;C:\Windows;D:\java11\bin;C:\Program Files (x86)\Intel\iCLS Client\;C:\Program Files\Intel\iCLS Client\;C:\Program Files (x86)\NVIDIA Corporation\PhysX\Common;C:\Windows\system32;C:\Windows;C:\Windows\System32\Wbem;C:\Windows\System32\WindowsPowerShell\v1.0\;C:\Program Files\Intel\Intel(R) Management Engine Components\DAL;C:\Program Files\Intel\Intel(R) Management Engine Components\IPT;C:\Program Files (x86)\Intel\Intel(R) Management Engine Components\DAL;C:\Program Files (x86)\Intel\Intel(R) Management Engine Components\IPT;C:\Program Files (x86)\MySQL\MySQL Server 5.5\bin;."/>
    <property name="java.vendor" value="Oracle Corporation"/>
    <property name="java.vm.info" value="mixed mode"/>
    <property name="java.vm.version" value="11+28"/>
    <property name="sun.io.unicode.encoding" value="UnicodeLittle"/>
    <property name="java.class.version" value="55.0"/>
  </properties>
  <testcase name="getBookType_Small" classname="randomdata.RandomUtilTest" time="1.224"/>
  <testcase name="getBookType_Big" classname="randomdata.RandomUtilTest" time="0"/>
  <testcase name="getPublishment" classname="randomdata.RandomUtilTest" time="0.001"/>
  <testcase name="getChineseName" classname="randomdata.RandomUtilTest" time="0"/>
  <testcase name="getBookName" classname="randomdata.RandomUtilTest" time="0"/>
  <testcase name="getProvice_CityName" classname="randomdata.RandomUtilTest" time="0.001"/>
  <testcase name="getFullChineseName" classname="randomdata.RandomUtilTest" time="0"/>
  <testcase name="getProvice_City_TownName" classname="randomdata.RandomUtilTest" time="0"/>
  <testcase name="getProvice_City_Town_All" classname="randomdata.RandomUtilTest" time="0.096"/>
</testsuite>