<?xml version="1.0" encoding="UTF-8"?>
<testsuite xmlns:xsi="http://www.w3.org/2001/XMLSchema-instance" xsi:noNamespaceSchemaLocation="https://maven.apache.org/surefire/maven-surefire-plugin/xsd/surefire-test-report.xsd" name="ReadCsvUtil.AppTest" time="11.024" tests="1" errors="0" skipped="0" failures="0">
  <properties>
    <property name="sun.desktop" value="windows"/>
    <property name="awt.toolkit" value="sun.awt.windows.WToolkit"/>
    <property name="java.specification.version" value="11"/>
    <property name="sun.cpu.isalist" value="amd64"/>
    <property name="sun.jnu.encoding" value="GBK"/>
    <property name="java.class.path" value="E:\编程项目\java\ReadCsvUtil\target\test-classes;E:\编程项目\java\ReadCsvUtil\target\classes;E:\编程项目\MavenDownLoad\junit\junit\4.11\junit-4.11.jar;E:\编程项目\MavenDownLoad\org\hamcrest\hamcrest-core\1.3\hamcrest-core-1.3.jar;E:\编程项目\MavenDownLoad\apache-log4j\log4j\1.2.17\log4j-1.2.17.jar;E:\编程项目\MavenDownLoad\cn\hutool\hutool-all\4.6.4\hutool-all-4.6.4.jar;E:\编程项目\MavenDownLoad\org\projectlombok\lombok\1.18.8\lombok-1.18.8.jar;"/>
    <property name="java.vm.vendor" value="Oracle Corporation"/>
    <property name="sun.arch.data.model" value="64"/>
    <property name="user.variant" value=""/>
    <property name="java.vendor.url" value="http://java.oracle.com/"/>
    <property name="user.timezone" value="Asia/Shanghai"/>
    <property name="java.vm.specification.version" value="11"/>
    <property name="os.name" value="Windows 10"/>
    <property name="sun.java.launcher" value="SUN_STANDARD"/>
    <property name="user.country" value="CN"/>
    <property name="sun.boot.library.path" value="D:\java\java11\bin"/>
    <property name="sun.java.command" value="C:\Users\ADMINI~1\AppData\Local\Temp\surefire10346287842203639681\surefirebooter1170308877138419159.jar C:\Users\Administrator\AppData\Local\Temp\surefire10346287842203639681 2019-09-13T23-12-40_769-jvmRun1 surefire11250964997777793769tmp surefire_015965463630634363715tmp"/>
    <property name="jdk.debug" value="release"/>
    <property name="surefire.test.class.path" value="E:\编程项目\java\ReadCsvUtil\target\test-classes;E:\编程项目\java\ReadCsvUtil\target\classes;E:\编程项目\MavenDownLoad\junit\junit\4.11\junit-4.11.jar;E:\编程项目\MavenDownLoad\org\hamcrest\hamcrest-core\1.3\hamcrest-core-1.3.jar;E:\编程项目\MavenDownLoad\apache-log4j\log4j\1.2.17\log4j-1.2.17.jar;E:\编程项目\MavenDownLoad\cn\hutool\hutool-all\4.6.4\hutool-all-4.6.4.jar;E:\编程项目\MavenDownLoad\org\projectlombok\lombok\1.18.8\lombok-1.18.8.jar;"/>
    <property name="sun.cpu.endian" value="little"/>
    <property name="user.home" value="C:\Users\Administrator"/>
    <property name="user.language" value="zh"/>
    <property name="java.specification.vendor" value="Oracle Corporation"/>
    <property name="java.version.date" value="2018-09-25"/>
    <property name="java.home" value="D:\java\java11"/>
    <property name="file.separator" value="\"/>
    <property name="basedir" value="E:\编程项目\java\ReadCsvUtil"/>
    <property name="java.vm.compressedOopsMode" value="32-bit"/>
    <property name="line.separator" value="&#10;"/>
    <property name="java.specification.name" value="Java Platform API Specification"/>
    <property name="java.vm.specification.vendor" value="Oracle Corporation"/>
    <property name="java.awt.graphicsenv" value="sun.awt.Win32GraphicsEnvironment"/>
    <property name="surefire.real.class.path" value="C:\Users\ADMINI~1\AppData\Local\Temp\surefire10346287842203639681\surefirebooter1170308877138419159.jar"/>
    <property name="user.script" value=""/>
    <property name="sun.management.compiler" value="HotSpot 64-Bit Tiered Compilers"/>
    <property name="java.runtime.version" value="11+28"/>
    <property name="user.name" value="Administrator"/>
    <property name="path.separator" value=";"/>
    <property name="os.version" value="10.0"/>
    <property name="java.runtime.name" value="Java(TM) SE Runtime Environment"/>
    <property name="file.encoding" value="GBK"/>
    <property name="java.vm.name" value="Java HotSpot(TM) 64-Bit Server VM"/>
    <property name="java.vendor.version" value="18.9"/>
    <property name="localRepository" value="E:\编程项目\MavenDownLoad"/>
    <property name="java.vendor.url.bug" value="http://bugreport.java.com/bugreport/"/>
    <property name="java.io.tmpdir" value="C:\Users\ADMINI~1\AppData\Local\Temp\"/>
    <property name="idea.version" value="2018.3"/>
    <property name="java.version" value="11"/>
    <property name="user.dir" value="E:\编程项目\java\ReadCsvUtil"/>
    <property name="os.arch" value="amd64"/>
    <property name="java.vm.specification.name" value="Java Virtual Machine Specification"/>
    <property name="java.awt.printerjob" value="sun.awt.windows.WPrinterJob"/>
    <property name="sun.os.patch.level" value=""/>
    <property name="java.library.path" value="D:\java\java11\bin;C:\Windows\Sun\Java\bin;C:\Windows\system32;C:\Windows;C:\Windows\system32;C:\Windows;C:\Windows\System32\Wbem;C:\Windows\System32\WindowsPowerShell\v1.0\;D:\mySQL5.7\bin;C:\Users\Administrator\AppData\Local\Microsoft\WindowsApps;D:\IntelliJ IDEA 2018.3\bin;;D:\mySQL5.7\bin;;."/>
    <property name="java.vendor" value="Oracle Corporation"/>
    <property name="java.vm.info" value="mixed mode"/>
    <property name="java.vm.version" value="11+28"/>
    <property name="sun.io.unicode.encoding" value="UnicodeLittle"/>
    <property name="maven.repo.local" value="E:\编程项目\MavenDownLoad"/>
    <property name="java.class.version" value="55.0"/>
  </properties>
  <testcase name="readCsvTest" classname="ReadCsvUtil.AppTest" time="10.911"/>
</testsuite>